<?xml version="1.0" encoding="UTF-8"?>
<!-- Generated by org.testng.reporters.JUnitReportReporter -->
<testsuite hostname="DESKTOP-T9QN3PE" failures="0" tests="4" name="apitest.apitest" time="1.008" errors="0" timestamp="2022-12-09T20:39:21 GMT" skipped="3">
  <testcase classname="apitest.apitest" name="ResponsePost" time="1.008"/>
  <system-out/>
  <testcase classname="apitest.apitest" name="ResponseTest2">
    <skipped/>
  </testcase> <!-- ResponseTest2 -->
  <system-out/>
  <testcase classname="apitest.apitest" name="statusCodeTest">
    <skipped/>
  </testcase> <!-- statusCodeTest -->
  <system-out/>
  <testcase classname="apitest.apitest" name="ResponseTest">
    <skipped/>
  </testcase> <!-- ResponseTest -->
  <system-out/>
</testsuite> <!-- apitest.apitest -->
